<?xml version="1.0" encoding="UTF-8"?>
<!-- Generated by org.testng.reporters.JUnitXMLReporter -->
<testsuite ignored="0" hostname="LAPTOP-M13IRKBK" failures="1" tests="1" name="SauceDemoTests" time="1.118" errors="0" timestamp="2024-11-21T21:39:57 IST">
  <testcase classname="io.cucumber.testng.AbstractTestNGCucumberTests" name="runScenario" time="0.241">
    <failure type="java.lang.NullPointerException">
      <![CDATA[java.lang.NullPointerException
at stepdefinitions.SauceDemoStepTest.the_application_is_launched(SauceDemoStepTest.java:38)
at ✽.the application is launched(file:///C:/Users/MOHANASUNDARAM/Desktop/bdd/bddcapstone/src/test/resources/features/SauceDemo.feature:4)
]]>
    </failure>
  </testcase> <!-- runScenario -->
</testsuite> <!-- SauceDemoTests -->
