<?xml version="1.0" encoding="UTF-8"?>
<testsuite xmlns:xsi="http://www.w3.org/2001/XMLSchema-instance" xsi:noNamespaceSchemaLocation="https://maven.apache.org/surefire/maven-surefire-plugin/xsd/surefire-test-report.xsd" version="3.0.2" name="TestSuite" time="10.239" tests="1" errors="0" skipped="0" failures="0">
  <properties>
[...]
</properties>
  <testcase name="runScenario[&quot;Verify complete purchase workflow on SauceDemo&quot;, &quot;SauceDemo Portal End-to-End Test&quot;](1)" classname="runner.TestNGCucumberRunner" time="5.477">
    <system-out><![CDATA[Browser :chrome

Scenario: Verify complete purchase workflow on SauceDemo                 # src/test/resources/features/SauceDemo.feature:3
  Given the application is launched                                      # stepdefinitions.SauceDemoStepTest.the_application_is_launched()

    Embedding Screenshot onVerify complete purchase workflow on SauceDemo [image/png 36805 bytes]

2024-11-23T05:44:40.575168Z main ERROR Log4j2 could not find a logging implementation. Please add log4j-core to the classpath. Using SimpleLogger to log to the console...
  When I login with username "<username>" and password "<password>"      # stepdefinitions.SauceDemoStepTest.i_login_with_username_and_password(java.lang.String,java.lang.String)

    Embedding Screenshot onVerify complete purchase workflow on SauceDemo [image/png 323805 bytes]

  And I add multiple items to the cart                                   # stepdefinitions.SauceDemoStepTest.i_add_multiple_items_to_the_cart()

    Embedding Screenshot onVerify complete purchase workflow on SauceDemo [image/png 63982 bytes]

[Sauce Labs Backpack, Sauce Labs Bike Light]
[29.99, 9.99]
  And I proceed to checkout                                              # stepdefinitions.SauceDemoStepTest.i_proceed_to_checkout()

    Embedding Screenshot onVerify complete purchase workflow on SauceDemo [image/png 27694 bytes]

3
2
  And I provide valid checkout information                               # stepdefinitions.SauceDemoStepTest.i_provide_valid_checkout_information()

    Embedding Screenshot onVerify complete purchase workflow on SauceDemo [image/png 68892 bytes]

  And I complete the order                                               # stepdefinitions.SauceDemoStepTest.i_complete_the_order()

    Embedding Screenshot onVerify complete purchase workflow on SauceDemo [image/png 47471 bytes]

  Then I should see the confirmation message "Thank you for your order!" # stepdefinitions.SauceDemoStepTest.i_should_see_the_confirmation_message(java.lang.String)

    Embedding Screenshot onVerify complete purchase workflow on SauceDemo [image/png 47471 bytes]

]]></system-out>
    <system-err><![CDATA[SLF4J: Failed to load class "org.slf4j.impl.StaticLoggerBinder".
SLF4J: Defaulting to no-operation (NOP) logger implementation
SLF4J: See http://www.slf4j.org/codes.html#StaticLoggerBinder for further details.
Nov 23, 2024 11:14:38 AM org.openqa.selenium.devtools.CdpVersionFinder findNearestMatch
WARNING: Unable to find an exact match for CDP version 131, returning the closest version; found: 130; Please update to a Selenium version that supports CDP version 131
]]></system-err>
  </testcase>
</testsuite>