<?xml version="1.0" encoding="UTF-8"?>
<testng-results ignored="0" total="1" passed="1" failed="0" skipped="0">
  <reporter-output>
  </reporter-output>
  <suite started-at="2024-11-22T19:40:33 IST" name="Default suite" finished-at="2024-11-22T19:40:37 IST" duration-ms="4307">
    <groups>
      <group name="cucumber">
        <method signature="AbstractTestNGCucumberTests.runScenario(io.cucumber.testng.PickleWrapper,io.cucumber.testng.FeatureWrapper)[pri:0, instance:runner.TestNGCucumberRunner@19932c16]" name="runScenario" class="io.cucumber.testng.AbstractTestNGCucumberTests"/>
      </group> <!-- cucumber -->
    </groups>
    <test started-at="2024-11-22T19:40:33 IST" name="Default test" finished-at="2024-11-22T19:40:37 IST" duration-ms="4307">
      <class name="runner.TestNGCucumberRunner">
        <test-method is-config="true" signature="setup()[pri:0, instance:runner.TestNGCucumberRunner@19932c16]" started-at="2024-11-22T19:40:31 IST" name="setup" finished-at="2024-11-22T19:40:33 IST" duration-ms="1530" status="PASS">
          <reporter-output>
          </reporter-output>
        </test-method> <!-- setup -->
        <test-method is-config="true" signature="setUpClass(org.testng.ITestContext)[pri:0, instance:runner.TestNGCucumberRunner@19932c16]" started-at="2024-11-22T19:40:33 IST" name="setUpClass" finished-at="2024-11-22T19:40:34 IST" duration-ms="535" status="PASS">
          <params>
            <param index="0">
              <value>
                <![CDATA[org.testng.TestRunner@794f11cd]]>
              </value>
            </param>
          </params>
          <reporter-output>
          </reporter-output>
        </test-method> <!-- setUpClass -->
        <test-method signature="runScenario(io.cucumber.testng.PickleWrapper,io.cucumber.testng.FeatureWrapper)[pri:0, instance:runner.TestNGCucumberRunner@19932c16]" started-at="2024-11-22T19:40:34 IST" name="runScenario" description="Runs Cucumber Scenarios" data-provider="scenarios" finished-at="2024-11-22T19:40:37 IST" duration-ms="3688" status="PASS">
          <params>
            <param index="0">
              <value>
                <![CDATA["Verify complete purchase workflow on SauceDemo"]]>
              </value>
            </param>
            <param index="1">
              <value>
                <![CDATA["SauceDemo Portal End-to-End Test"]]>
              </value>
            </param>
          </params>
          <reporter-output>
          </reporter-output>
        </test-method> <!-- runScenario -->
        <test-method is-config="true" signature="tearDownClass()[pri:0, instance:runner.TestNGCucumberRunner@19932c16]" started-at="2024-11-22T19:40:37 IST" name="tearDownClass" finished-at="2024-11-22T19:40:37 IST" duration-ms="35" status="PASS">
          <reporter-output>
          </reporter-output>
        </test-method> <!-- tearDownClass -->
        <test-method is-config="true" signature="tearDown()[pri:0, instance:runner.TestNGCucumberRunner@19932c16]" started-at="2024-11-22T19:40:37 IST" name="tearDown" finished-at="2024-11-22T19:40:38 IST" duration-ms="196" status="PASS">
          <reporter-output>
          </reporter-output>
        </test-method> <!-- tearDown -->
      </class> <!-- runner.TestNGCucumberRunner -->
    </test> <!-- Default test -->
  </suite> <!-- Default suite -->
</testng-results>
